2025-03-29 17:15:23.871 [info] [main] Log level: Info
2025-03-29 17:15:23.871 [info] [main] Validating found git in: "git"
2025-03-29 17:15:23.871 [info] [main] Using git "2.34.1" from "git"
2025-03-29 17:15:23.871 [info] [Model][doInitialScan] Initial repository scan started
2025-03-29 17:15:23.871 [info] > git rev-parse --show-toplevel [5ms]
2025-03-29 17:15:23.871 [info] > git rev-parse --git-dir --git-common-dir [2ms]
2025-03-29 17:15:23.871 [info] [Model][openRepository] Opened repository: /home/hack
2025-03-29 17:15:23.871 [info] > git rev-parse --show-toplevel [38ms]
2025-03-29 17:15:23.871 [info] > git config --get commit.template [41ms]
2025-03-29 17:15:23.871 [info] > git for-each-ref --format=%(refname)%00%(upstream:short)%00%(objectname)%00%(upstream:track)%00%(upstream:remotename)%00%(upstream:remoteref) refs/heads/main refs/remotes/main [6ms]
2025-03-29 17:15:23.871 [info] > git rev-parse --show-toplevel [11ms]
2025-03-29 17:15:23.872 [info] > git rev-parse --show-toplevel [1ms]
2025-03-29 17:15:23.881 [info] > git for-each-ref --sort -committerdate --format %(refname) %(objectname) %(*objectname) [3ms]
2025-03-29 17:15:23.883 [info] > git rev-parse --show-toplevel [2ms]
2025-03-29 17:15:23.887 [info] > git rev-parse --show-toplevel [1ms]
2025-03-29 17:15:23.890 [info] > git rev-parse --show-toplevel [1ms]
2025-03-29 17:15:23.894 [info] [Model][doInitialScan] Initial repository scan completed - repositories (1), closed repositories (0), parent repositories (0), unsafe repositories (0)
2025-03-29 17:15:23.905 [info] > git status -z -uall [30ms]
2025-03-29 17:15:23.946 [info] > git for-each-ref --format=%(refname)%00%(upstream:short)%00%(objectname)%00%(upstream:track)%00%(upstream:remotename)%00%(upstream:remoteref) refs/heads/main refs/remotes/main [4ms]
2025-03-29 17:15:23.951 [info] > git config --get commit.template [5ms]
2025-03-29 17:15:23.953 [info] > git config --get --local branch.main.vscode-merge-base [4ms]
2025-03-29 17:15:23.953 [warning] [Git][config] git config failed: Failed to execute git
2025-03-29 17:15:23.961 [info] > git for-each-ref --format=%(refname)%00%(upstream:short)%00%(objectname)%00%(upstream:track)%00%(upstream:remotename)%00%(upstream:remoteref) refs/heads/main refs/remotes/main [2ms]
2025-03-29 17:15:23.961 [info] > git reflog main --grep-reflog=branch: Created from *. [4ms]
2025-03-29 17:15:23.978 [info] > git symbolic-ref --short refs/remotes/origin/HEAD [14ms]
2025-03-29 17:15:23.978 [info] fatal: ref refs/remotes/origin/HEAD is not a symbolic ref
2025-03-29 17:15:23.978 [warning] [Repository][getDefaultBranch] Failed to get default branch details: Failed to execute git.
2025-03-29 17:15:23.989 [info] > git status -z -uall [23ms]
2025-03-29 17:15:23.989 [info] > git merge-base refs/heads/main refs/remotes/origin/main [9ms]
2025-03-29 17:15:23.991 [info] > git for-each-ref --sort -committerdate --format %(refname) %(objectname) %(*objectname) [20ms]
2025-03-29 17:15:24.019 [info] > git merge-base refs/heads/main refs/remotes/origin/main [3ms]
2025-03-29 17:15:24.022 [info] > git diff --name-status -z --diff-filter=ADMR eb95ca5571d12e149f70b97bc86385fc488d77ee...refs/remotes/origin/main [31ms]
2025-03-29 17:15:24.051 [info] > git diff --name-status -z --diff-filter=ADMR eb95ca5571d12e149f70b97bc86385fc488d77ee...refs/remotes/origin/main [29ms]
2025-03-29 17:15:24.379 [info] > git check-ignore -v -z --stdin [4ms]
2025-03-29 17:15:24.502 [warning] [Model][getRepositoryExact] Failed to get repository realpath for: "/home/hack/environment/ros2/windows/src/spot_ros2". Error:Error: ENOENT: no such file or directory, realpath '/home/hack/environment/ros2/windows/src/spot_ros2'
2025-03-29 17:15:24.519 [info] > git rev-parse --show-toplevel [3ms]
2025-03-29 17:15:24.525 [info] > git rev-parse --git-dir --git-common-dir [2ms]
2025-03-29 17:15:24.529 [info] [Model][openRepository] Opened repository: /home/hack/src/spot_ros2
2025-03-29 17:15:24.538 [info] > git config --get commit.template [4ms]
2025-03-29 17:15:24.539 [info] > git for-each-ref --format=%(refname)%00%(upstream:short)%00%(objectname)%00%(upstream:track)%00%(upstream:remotename)%00%(upstream:remoteref) refs/heads/main refs/remotes/main [2ms]
2025-03-29 17:15:24.542 [warning] [Git][revParse] Unable to read file: ENOENT: no such file or directory, open '/home/hack/.git/modules/src/spot_ros2/refs/remotes/origin/main'
2025-03-29 17:15:24.543 [info] > git rev-parse refs/remotes/origin/main [1ms]
2025-03-29 17:15:24.554 [info] > git for-each-ref --sort -committerdate --format %(refname) %(objectname) %(*objectname) [3ms]
2025-03-29 17:15:24.557 [info] > git status -z -uall [12ms]
2025-03-29 17:15:24.583 [info] > git for-each-ref --format=%(refname)%00%(upstream:short)%00%(objectname)%00%(upstream:track)%00%(upstream:remotename)%00%(upstream:remoteref) refs/heads/main refs/remotes/main [15ms]
2025-03-29 17:15:24.588 [info] > git config --get commit.template [7ms]
2025-03-29 17:15:24.588 [info] > git config --get --local branch.main.vscode-merge-base [3ms]
2025-03-29 17:15:24.594 [info] > git for-each-ref --format=%(refname)%00%(upstream:short)%00%(objectname)%00%(upstream:track)%00%(upstream:remotename)%00%(upstream:remoteref) refs/heads/origin/main refs/remotes/origin/main [3ms]
2025-03-29 17:15:24.710 [info] > git for-each-ref --format=%(refname)%00%(upstream:short)%00%(objectname)%00%(upstream:track)%00%(upstream:remotename)%00%(upstream:remoteref) refs/heads/main refs/remotes/main [117ms]
2025-03-29 17:15:24.715 [warning] [Git][revParse] Unable to read file: ENOENT: no such file or directory, open '/home/hack/.git/modules/src/spot_ros2/refs/remotes/origin/main'
2025-03-29 17:15:24.716 [info] > git merge-base refs/heads/main refs/remotes/origin/main [120ms]
2025-03-29 17:15:24.721 [info] > git rev-parse refs/remotes/origin/main [7ms]
2025-03-29 17:15:24.728 [info] > git diff --name-status -z --diff-filter=ADMR 6fd6da2274a69458f9b78957a8650aa563c40138...refs/remotes/origin/main [10ms]
2025-03-29 17:15:24.729 [info] > git for-each-ref --sort -committerdate --format %(refname) %(objectname) %(*objectname) [3ms]
2025-03-29 17:15:24.734 [info] > git status -z -uall [10ms]
2025-03-29 17:15:25.215 [info] > git check-ignore -v -z --stdin [1ms]
2025-03-29 17:15:25.240 [info] > git rev-parse --show-toplevel [1ms]
2025-03-29 17:15:25.243 [info] > git rev-parse --show-toplevel [1ms]
2025-03-29 17:15:25.246 [info] > git rev-parse --show-toplevel [1ms]
2025-03-29 17:15:25.524 [info] > git config --get commit.template [2ms]
2025-03-29 17:15:25.528 [info] > git for-each-ref --format=%(refname)%00%(upstream:short)%00%(objectname)%00%(upstream:track)%00%(upstream:remotename)%00%(upstream:remoteref) refs/heads/main refs/remotes/main [2ms]
2025-03-29 17:15:25.535 [info] > git for-each-ref --sort -committerdate --format %(refname) %(objectname) %(*objectname) [1ms]
2025-03-29 17:15:25.553 [info] > git status -z -uall [22ms]
2025-03-29 17:15:25.994 [info] > git check-ignore -v -z --stdin [37ms]
2025-03-29 17:15:26.060 [warning] [Model][getRepositoryExact] Failed to get repository realpath for: "/home/hack/environment/ros2/windows/src/spot_ros2". Error:Error: ENOENT: no such file or directory, realpath '/home/hack/environment/ros2/windows/src/spot_ros2'
2025-03-29 17:15:28.495 [info] > git check-ignore -v -z --stdin [1ms]
2025-03-29 17:15:31.462 [info] > git config --get commit.template [3ms]
2025-03-29 17:15:31.463 [info] > git for-each-ref --format=%(refname)%00%(upstream:short)%00%(objectname)%00%(upstream:track)%00%(upstream:remotename)%00%(upstream:remoteref) refs/heads/main refs/remotes/main [2ms]
2025-03-29 17:15:31.469 [info] > git for-each-ref --sort -committerdate --format %(refname) %(objectname) %(*objectname) [1ms]
2025-03-29 17:15:31.482 [info] > git status -z -uall [17ms]
2025-03-29 17:15:31.986 [warning] [Model][getRepositoryExact] Failed to get repository realpath for: "/home/hack/environment/ros2/windows/src/spot_ros2". Error:Error: ENOENT: no such file or directory, realpath '/home/hack/environment/ros2/windows/src/spot_ros2'
2025-03-29 17:15:36.501 [info] > git config --get commit.template [4ms]
2025-03-29 17:15:36.502 [info] > git for-each-ref --format=%(refname)%00%(upstream:short)%00%(objectname)%00%(upstream:track)%00%(upstream:remotename)%00%(upstream:remoteref) refs/heads/main refs/remotes/main [2ms]
2025-03-29 17:15:36.509 [info] > git for-each-ref --sort -committerdate --format %(refname) %(objectname) %(*objectname) [1ms]
2025-03-29 17:15:36.524 [info] > git status -z -uall [19ms]
2025-03-29 17:15:37.029 [warning] [Model][getRepositoryExact] Failed to get repository realpath for: "/home/hack/environment/ros2/windows/src/spot_ros2". Error:Error: ENOENT: no such file or directory, realpath '/home/hack/environment/ros2/windows/src/spot_ros2'
2025-03-29 17:15:41.547 [info] > git config --get commit.template [3ms]
2025-03-29 17:15:41.548 [info] > git for-each-ref --format=%(refname)%00%(upstream:short)%00%(objectname)%00%(upstream:track)%00%(upstream:remotename)%00%(upstream:remoteref) refs/heads/main refs/remotes/main [1ms]
2025-03-29 17:15:41.554 [info] > git for-each-ref --sort -committerdate --format %(refname) %(objectname) %(*objectname) [1ms]
2025-03-29 17:15:41.566 [info] > git status -z -uall [16ms]
2025-03-29 17:15:42.072 [warning] [Model][getRepositoryExact] Failed to get repository realpath for: "/home/hack/environment/ros2/windows/src/spot_ros2". Error:Error: ENOENT: no such file or directory, realpath '/home/hack/environment/ros2/windows/src/spot_ros2'
2025-03-29 17:15:46.586 [info] > git config --get commit.template [3ms]
2025-03-29 17:15:46.586 [info] > git for-each-ref --format=%(refname)%00%(upstream:short)%00%(objectname)%00%(upstream:track)%00%(upstream:remotename)%00%(upstream:remoteref) refs/heads/main refs/remotes/main [1ms]
2025-03-29 17:15:46.592 [info] > git for-each-ref --sort -committerdate --format %(refname) %(objectname) %(*objectname) [2ms]
2025-03-29 17:15:46.606 [info] > git status -z -uall [17ms]
2025-03-29 17:15:47.109 [warning] [Model][getRepositoryExact] Failed to get repository realpath for: "/home/hack/environment/ros2/windows/src/spot_ros2". Error:Error: ENOENT: no such file or directory, realpath '/home/hack/environment/ros2/windows/src/spot_ros2'
2025-03-29 17:15:52.480 [info] > git config --get commit.template [2ms]
2025-03-29 17:15:52.483 [info] > git for-each-ref --format=%(refname)%00%(upstream:short)%00%(objectname)%00%(upstream:track)%00%(upstream:remotename)%00%(upstream:remoteref) refs/heads/main refs/remotes/main [1ms]
2025-03-29 17:15:52.488 [info] > git for-each-ref --sort -committerdate --format %(refname) %(objectname) %(*objectname) [1ms]
2025-03-29 17:15:52.501 [info] > git status -z -uall [16ms]
2025-03-29 17:15:53.005 [warning] [Model][getRepositoryExact] Failed to get repository realpath for: "/home/hack/environment/ros2/windows/src/spot_ros2". Error:Error: ENOENT: no such file or directory, realpath '/home/hack/environment/ros2/windows/src/spot_ros2'
2025-03-29 17:15:57.520 [info] > git config --get commit.template [4ms]
2025-03-29 17:15:57.520 [info] > git for-each-ref --format=%(refname)%00%(upstream:short)%00%(objectname)%00%(upstream:track)%00%(upstream:remotename)%00%(upstream:remoteref) refs/heads/main refs/remotes/main [1ms]
2025-03-29 17:15:57.526 [info] > git for-each-ref --sort -committerdate --format %(refname) %(objectname) %(*objectname) [2ms]
2025-03-29 17:15:57.541 [info] > git status -z -uall [18ms]
2025-03-29 17:15:58.044 [warning] [Model][getRepositoryExact] Failed to get repository realpath for: "/home/hack/environment/ros2/windows/src/spot_ros2". Error:Error: ENOENT: no such file or directory, realpath '/home/hack/environment/ros2/windows/src/spot_ros2'
2025-03-29 17:16:02.559 [info] > git config --get commit.template [4ms]
2025-03-29 17:16:02.559 [info] > git for-each-ref --format=%(refname)%00%(upstream:short)%00%(objectname)%00%(upstream:track)%00%(upstream:remotename)%00%(upstream:remoteref) refs/heads/main refs/remotes/main [1ms]
2025-03-29 17:16:02.565 [info] > git for-each-ref --sort -committerdate --format %(refname) %(objectname) %(*objectname) [1ms]
2025-03-29 17:16:02.578 [info] > git status -z -uall [16ms]
2025-03-29 17:16:03.082 [warning] [Model][getRepositoryExact] Failed to get repository realpath for: "/home/hack/environment/ros2/windows/src/spot_ros2". Error:Error: ENOENT: no such file or directory, realpath '/home/hack/environment/ros2/windows/src/spot_ros2'
2025-03-29 17:16:07.599 [info] > git config --get commit.template [4ms]
2025-03-29 17:16:07.600 [info] > git for-each-ref --format=%(refname)%00%(upstream:short)%00%(objectname)%00%(upstream:track)%00%(upstream:remotename)%00%(upstream:remoteref) refs/heads/main refs/remotes/main [2ms]
2025-03-29 17:16:07.605 [info] > git for-each-ref --sort -committerdate --format %(refname) %(objectname) %(*objectname) [1ms]
2025-03-29 17:16:07.619 [info] > git status -z -uall [16ms]
2025-03-29 17:16:08.122 [warning] [Model][getRepositoryExact] Failed to get repository realpath for: "/home/hack/environment/ros2/windows/src/spot_ros2". Error:Error: ENOENT: no such file or directory, realpath '/home/hack/environment/ros2/windows/src/spot_ros2'
2025-03-29 17:16:12.640 [info] > git config --get commit.template [4ms]
2025-03-29 17:16:12.641 [info] > git for-each-ref --format=%(refname)%00%(upstream:short)%00%(objectname)%00%(upstream:track)%00%(upstream:remotename)%00%(upstream:remoteref) refs/heads/main refs/remotes/main [2ms]
2025-03-29 17:16:12.647 [info] > git for-each-ref --sort -committerdate --format %(refname) %(objectname) %(*objectname) [1ms]
2025-03-29 17:16:12.659 [info] > git status -z -uall [15ms]
2025-03-29 17:16:13.163 [warning] [Model][getRepositoryExact] Failed to get repository realpath for: "/home/hack/environment/ros2/windows/src/spot_ros2". Error:Error: ENOENT: no such file or directory, realpath '/home/hack/environment/ros2/windows/src/spot_ros2'
2025-03-29 17:16:17.684 [info] > git config --get commit.template [4ms]
2025-03-29 17:16:17.684 [info] > git for-each-ref --format=%(refname)%00%(upstream:short)%00%(objectname)%00%(upstream:track)%00%(upstream:remotename)%00%(upstream:remoteref) refs/heads/main refs/remotes/main [1ms]
2025-03-29 17:16:17.689 [info] > git for-each-ref --sort -committerdate --format %(refname) %(objectname) %(*objectname) [1ms]
2025-03-29 17:16:17.703 [info] > git status -z -uall [15ms]
2025-03-29 17:16:18.206 [warning] [Model][getRepositoryExact] Failed to get repository realpath for: "/home/hack/environment/ros2/windows/src/spot_ros2". Error:Error: ENOENT: no such file or directory, realpath '/home/hack/environment/ros2/windows/src/spot_ros2'
2025-03-29 17:16:22.723 [info] > git config --get commit.template [4ms]
2025-03-29 17:16:22.724 [info] > git for-each-ref --format=%(refname)%00%(upstream:short)%00%(objectname)%00%(upstream:track)%00%(upstream:remotename)%00%(upstream:remoteref) refs/heads/main refs/remotes/main [2ms]
2025-03-29 17:16:22.731 [info] > git for-each-ref --sort -committerdate --format %(refname) %(objectname) %(*objectname) [2ms]
2025-03-29 17:16:22.745 [info] > git status -z -uall [18ms]
2025-03-29 17:16:23.191 [info] > git config --get commit.template [9ms]
2025-03-29 17:16:23.192 [info] > git for-each-ref --format=%(refname)%00%(upstream:short)%00%(objectname)%00%(upstream:track)%00%(upstream:remotename)%00%(upstream:remoteref) refs/heads/main refs/remotes/main [3ms]
2025-03-29 17:16:23.197 [warning] [Git][revParse] Unable to read file: ENOENT: no such file or directory, open '/home/hack/.git/modules/src/spot_ros2/refs/remotes/origin/main'
2025-03-29 17:16:23.198 [info] > git rev-parse refs/remotes/origin/main [1ms]
2025-03-29 17:16:23.211 [info] > git for-each-ref --sort -committerdate --format %(refname) %(objectname) %(*objectname) [4ms]
2025-03-29 17:16:23.217 [info] > git status -z -uall [15ms]
2025-03-29 17:16:23.719 [warning] [Model][getRepositoryExact] Failed to get repository realpath for: "/home/hack/environment/ros2/windows/src/spot_ros2". Error:Error: ENOENT: no such file or directory, realpath '/home/hack/environment/ros2/windows/src/spot_ros2'
2025-03-29 17:16:23.727 [info] > git rev-parse --show-toplevel [1ms]
2025-03-29 17:16:23.730 [info] > git rev-parse --show-toplevel [1ms]
2025-03-29 17:16:23.733 [info] > git rev-parse --show-toplevel [1ms]
2025-03-29 17:16:39.561 [info] > git config --get commit.template [5ms]
2025-03-29 17:16:39.562 [info] > git for-each-ref --format=%(refname)%00%(upstream:short)%00%(objectname)%00%(upstream:track)%00%(upstream:remotename)%00%(upstream:remoteref) refs/heads/main refs/remotes/main [2ms]
2025-03-29 17:16:39.577 [info] > git for-each-ref --sort -committerdate --format %(refname) %(objectname) %(*objectname) [3ms]
2025-03-29 17:16:39.594 [info] > git status -z -uall [26ms]
2025-03-29 17:16:40.101 [warning] [Model][getRepositoryExact] Failed to get repository realpath for: "/home/hack/environment/ros2/windows/src/spot_ros2". Error:Error: ENOENT: no such file or directory, realpath '/home/hack/environment/ros2/windows/src/spot_ros2'
2025-03-29 17:16:44.624 [info] > git config --get commit.template [3ms]
2025-03-29 17:16:44.624 [info] > git for-each-ref --format=%(refname)%00%(upstream:short)%00%(objectname)%00%(upstream:track)%00%(upstream:remotename)%00%(upstream:remoteref) refs/heads/main refs/remotes/main [1ms]
2025-03-29 17:16:44.630 [info] > git for-each-ref --sort -committerdate --format %(refname) %(objectname) %(*objectname) [1ms]
2025-03-29 17:16:44.645 [info] > git status -z -uall [18ms]
2025-03-29 17:16:45.149 [warning] [Model][getRepositoryExact] Failed to get repository realpath for: "/home/hack/environment/ros2/windows/src/spot_ros2". Error:Error: ENOENT: no such file or directory, realpath '/home/hack/environment/ros2/windows/src/spot_ros2'
2025-03-29 17:16:47.600 [info] > git rev-parse --show-toplevel [2ms]
2025-03-29 17:16:47.604 [info] > git rev-parse --git-dir --git-common-dir [1ms]
2025-03-29 17:16:47.610 [info] [Model][openRepository] Opened repository: /home/hack/src/spot_ros2/ros_utilities
2025-03-29 17:16:47.618 [info] > git config --get commit.template [3ms]
2025-03-29 17:16:47.618 [info] > git rev-parse --show-toplevel [1ms]
2025-03-29 17:16:47.624 [info] > git for-each-ref --format=%(refname)%00%(upstream:short)%00%(objectname)%00%(upstream:track)%00%(upstream:remotename)%00%(upstream:remoteref) refs/heads/main refs/remotes/main [3ms]
2025-03-29 17:16:47.625 [info] > git rev-parse --git-dir --git-common-dir [1ms]
2025-03-29 17:16:47.627 [info] [Model][openRepository] Opened repository: /home/hack/src/spot_ros2/spot_description
2025-03-29 17:16:47.632 [warning] [Git][revParse] Unable to read file: ENOENT: no such file or directory, open '/home/hack/.git/modules/src/spot_ros2/modules/ros_utilities/refs/remotes/origin/main'
2025-03-29 17:16:47.641 [info] > git config --get commit.template [5ms]
2025-03-29 17:16:47.641 [info] > git rev-parse refs/remotes/origin/main [9ms]
2025-03-29 17:16:47.650 [info] > git status -z -uall [5ms]
2025-03-29 17:16:47.657 [info] > git for-each-ref --sort -committerdate --format %(refname) %(objectname) %(*objectname) [7ms]
2025-03-29 17:16:47.673 [info] > git for-each-ref --format=%(refname)%00%(upstream:short)%00%(objectname)%00%(upstream:track)%00%(upstream:remotename)%00%(upstream:remoteref) refs/heads/main refs/remotes/main [9ms]
2025-03-29 17:16:47.678 [info] > git for-each-ref --format=%(refname)%00%(upstream:short)%00%(objectname)%00%(upstream:track)%00%(upstream:remotename)%00%(upstream:remoteref) refs/heads/main refs/remotes/main [25ms]
2025-03-29 17:16:47.685 [warning] [Git][revParse] Unable to read file: ENOENT: no such file or directory, open '/home/hack/.git/modules/src/spot_ros2/modules/spot_description/refs/remotes/origin/main'
2025-03-29 17:16:47.686 [info] > git config --get commit.template [17ms]
2025-03-29 17:16:47.686 [info] > git config --get --local branch.main.vscode-merge-base [8ms]
2025-03-29 17:16:47.686 [warning] [Git][config] git config failed: Failed to execute git
2025-03-29 17:16:47.695 [info] > git rev-parse refs/remotes/origin/main [9ms]
2025-03-29 17:16:47.847 [info] > git status -z -uall [150ms]
2025-03-29 17:16:47.848 [info] > git for-each-ref --format=%(refname)%00%(upstream:short)%00%(objectname)%00%(upstream:track)%00%(upstream:remotename)%00%(upstream:remoteref) refs/heads/main refs/remotes/main [157ms]
2025-03-29 17:16:47.848 [info] > git reflog main --grep-reflog=branch: Created from *. [159ms]
2025-03-29 17:16:47.868 [warning] [Git][revParse] Unable to read file: ENOENT: no such file or directory, open '/home/hack/.git/modules/src/spot_ros2/modules/ros_utilities/refs/remotes/origin/main'
2025-03-29 17:16:47.875 [info] > git symbolic-ref --short refs/remotes/origin/HEAD [24ms]
2025-03-29 17:16:47.877 [info] > git for-each-ref --sort -committerdate --format %(refname) %(objectname) %(*objectname) [177ms]
2025-03-29 17:16:47.891 [info] > git for-each-ref --format=%(refname)%00%(upstream:short)%00%(objectname)%00%(upstream:track)%00%(upstream:remotename)%00%(upstream:remoteref) refs/heads/main refs/remotes/main [9ms]
2025-03-29 17:16:47.895 [info] > git for-each-ref --format=%(refname)%00%(upstream:short)%00%(objectname)%00%(upstream:track)%00%(upstream:remotename)%00%(upstream:remoteref) refs/heads/origin/main refs/remotes/origin/main [19ms]
2025-03-29 17:16:47.899 [info] > git config --get commit.template [25ms]
2025-03-29 17:16:47.899 [info] > git rev-parse refs/remotes/origin/main [31ms]
2025-03-29 17:16:47.912 [info] > git status -z -uall [8ms]
2025-03-29 17:16:47.912 [info] > git for-each-ref --sort -committerdate --format %(refname) %(objectname) %(*objectname) [5ms]
2025-03-29 17:16:47.920 [info] > git config --add --local branch.main.vscode-merge-base origin/main [21ms]
2025-03-29 17:16:47.920 [info] > git config --get --local branch.main.vscode-merge-base [25ms]
2025-03-29 17:16:47.920 [warning] [Git][config] git config failed: Failed to execute git
2025-03-29 17:16:47.923 [info] > git config --get commit.template [37ms]
2025-03-29 17:16:47.938 [info] > git for-each-ref --format=%(refname)%00%(upstream:short)%00%(objectname)%00%(upstream:track)%00%(upstream:remotename)%00%(upstream:remoteref) refs/heads/main refs/remotes/main [18ms]
2025-03-29 17:16:48.030 [info] > git config --get commit.template [102ms]
2025-03-29 17:16:48.030 [info] > git for-each-ref --format=%(refname)%00%(upstream:short)%00%(objectname)%00%(upstream:track)%00%(upstream:remotename)%00%(upstream:remoteref) refs/heads/main refs/remotes/main [105ms]
2025-03-29 17:16:48.030 [info] > git reflog main --grep-reflog=branch: Created from *. [108ms]
2025-03-29 17:16:48.071 [warning] [Git][revParse] Unable to read file: ENOENT: no such file or directory, open '/home/hack/.git/modules/src/spot_ros2/refs/remotes/origin/main'
2025-03-29 17:16:48.072 [info] > git symbolic-ref --short refs/remotes/origin/HEAD [39ms]
2025-03-29 17:16:48.075 [info] > git for-each-ref --format=%(refname)%00%(upstream:short)%00%(objectname)%00%(upstream:track)%00%(upstream:remotename)%00%(upstream:remoteref) refs/heads/main refs/remotes/main [46ms]
2025-03-29 17:16:48.075 [info] > git config --get --local branch.main.vscode-merge-base [135ms]
2025-03-29 17:16:48.086 [warning] [Git][revParse] Unable to read file: ENOENT: no such file or directory, open '/home/hack/.git/modules/src/spot_ros2/modules/spot_description/refs/remotes/origin/main'
2025-03-29 17:16:48.087 [info] > git for-each-ref --format=%(refname)%00%(upstream:short)%00%(objectname)%00%(upstream:track)%00%(upstream:remotename)%00%(upstream:remoteref) refs/heads/origin/main refs/remotes/origin/main [12ms]
2025-03-29 17:16:48.091 [info] > git rev-parse refs/remotes/origin/main [21ms]
2025-03-29 17:16:48.099 [info] > git config --add --local branch.main.vscode-merge-base origin/main [8ms]
2025-03-29 17:16:48.101 [info] > git rev-parse refs/remotes/origin/main [15ms]
2025-03-29 17:16:48.107 [info] > git for-each-ref --format=%(refname)%00%(upstream:short)%00%(objectname)%00%(upstream:track)%00%(upstream:remotename)%00%(upstream:remoteref) refs/heads/main refs/remotes/main [24ms]
2025-03-29 17:16:48.108 [info] > git for-each-ref --format=%(refname)%00%(upstream:short)%00%(objectname)%00%(upstream:track)%00%(upstream:remotename)%00%(upstream:remoteref) refs/heads/origin/main refs/remotes/origin/main [31ms]
2025-03-29 17:16:48.121 [warning] [Git][revParse] Unable to read file: ENOENT: no such file or directory, open '/home/hack/.git/modules/src/spot_ros2/modules/ros_utilities/refs/remotes/origin/main'
2025-03-29 17:16:48.131 [info] > git status -z -uall [36ms]
2025-03-29 17:16:48.132 [info] > git for-each-ref --format=%(refname)%00%(upstream:short)%00%(objectname)%00%(upstream:track)%00%(upstream:remotename)%00%(upstream:remoteref) refs/heads/main refs/remotes/main [25ms]
2025-03-29 17:16:48.138 [info] > git for-each-ref --sort -committerdate --format %(refname) %(objectname) %(*objectname) [39ms]
2025-03-29 17:16:48.171 [info] > git check-ignore -v -z --stdin [26ms]
2025-03-29 17:16:48.172 [info] > git check-ignore -v -z --stdin [21ms]
2025-03-29 17:16:48.172 [info] > git check-ignore -v -z --stdin [17ms]
2025-03-29 17:16:48.173 [info] > git check-ignore -v -z --stdin [9ms]
2025-03-29 17:16:48.173 [info] > git config --get --local branch.main.vscode-merge-base [36ms]
2025-03-29 17:16:48.177 [info] > git rev-parse refs/remotes/origin/main [57ms]
2025-03-29 17:16:48.181 [info] > git config --get commit.template [64ms]
2025-03-29 17:16:48.194 [info] > git merge-base refs/heads/main refs/remotes/origin/main [80ms]
2025-03-29 17:16:48.207 [info] > git status -z -uall [28ms]
2025-03-29 17:16:48.207 [info] > git for-each-ref --sort -committerdate --format %(refname) %(objectname) %(*objectname) [26ms]
2025-03-29 17:16:48.219 [info] > git for-each-ref --format=%(refname)%00%(upstream:short)%00%(objectname)%00%(upstream:track)%00%(upstream:remotename)%00%(upstream:remoteref) refs/heads/origin/main refs/remotes/origin/main [42ms]
2025-03-29 17:16:48.227 [info] > git merge-base refs/heads/main refs/remotes/origin/main [8ms]
2025-03-29 17:16:48.230 [info] > git merge-base refs/heads/main refs/remotes/origin/main [14ms]
2025-03-29 17:16:48.237 [info] > git diff --name-status -z --diff-filter=ADMR a3bb49fe14a2209cdfbf664d5d7d52282340713f...refs/remotes/origin/main [40ms]
2025-03-29 17:16:48.244 [info] > git diff --name-status -z --diff-filter=ADMR a3bb49fe14a2209cdfbf664d5d7d52282340713f...refs/remotes/origin/main [7ms]
2025-03-29 17:16:48.244 [info] > git diff --name-status -z --diff-filter=ADMR a3bb49fe14a2209cdfbf664d5d7d52282340713f...refs/remotes/origin/main [15ms]
2025-03-29 17:16:48.244 [info] > git for-each-ref --format=%(refname)%00%(upstream:short)%00%(objectname)%00%(upstream:track)%00%(upstream:remotename)%00%(upstream:remoteref) refs/heads/main refs/remotes/main [18ms]
2025-03-29 17:16:48.245 [info] > git merge-base refs/heads/main refs/remotes/origin/main [23ms]
2025-03-29 17:16:48.252 [warning] [Git][revParse] Unable to read file: ENOENT: no such file or directory, open '/home/hack/.git/modules/src/spot_ros2/modules/spot_description/refs/remotes/origin/main'
2025-03-29 17:16:48.253 [info] > git diff --name-status -z --diff-filter=ADMR 820e39c21458563dc699f99faf9bf06a751853ff...refs/remotes/origin/main [5ms]
2025-03-29 17:16:48.254 [info] > git rev-parse refs/remotes/origin/main [2ms]
2025-03-29 17:16:48.261 [info] > git status -z -uall [4ms]
2025-03-29 17:16:48.263 [info] > git for-each-ref --sort -committerdate --format %(refname) %(objectname) %(*objectname) [4ms]
2025-03-29 17:16:48.689 [info] > git rev-parse --show-toplevel [1ms]
2025-03-29 17:16:48.692 [info] > git rev-parse --git-dir --git-common-dir [0ms]
2025-03-29 17:16:48.694 [info] [Model][openRepository] Opened repository: /home/hack/src/spot_ros2/spot_wrapper
2025-03-29 17:16:48.699 [info] > git config --get commit.template [3ms]
2025-03-29 17:16:48.700 [info] > git for-each-ref --format=%(refname)%00%(upstream:short)%00%(objectname)%00%(upstream:track)%00%(upstream:remotename)%00%(upstream:remoteref) refs/heads/master refs/remotes/master [1ms]
2025-03-29 17:16:48.700 [warning] [Git][getBranch] No such branch: master
2025-03-29 17:16:48.706 [info] > git status -z -uall [4ms]
2025-03-29 17:16:48.706 [info] > git for-each-ref --sort -committerdate --format %(refname) %(objectname) %(*objectname) [1ms]
2025-03-29 17:16:48.717 [info] > git for-each-ref --format=%(refname)%00%(upstream:short)%00%(objectname)%00%(upstream:track)%00%(upstream:remotename)%00%(upstream:remoteref) refs/heads/master refs/remotes/master [6ms]
2025-03-29 17:16:48.717 [warning] [Git][getBranch] No such branch: master
2025-03-29 17:16:48.717 [error] [GitHistoryProvider][resolveHEADMergeBase] Failed to resolve merge base for master: Error: No such branch: master.
2025-03-29 17:16:48.719 [info] > git config --get commit.template [3ms]
2025-03-29 17:16:48.724 [info] > git for-each-ref --format=%(refname)%00%(upstream:short)%00%(objectname)%00%(upstream:track)%00%(upstream:remotename)%00%(upstream:remoteref) refs/heads/master refs/remotes/master [1ms]
2025-03-29 17:16:48.724 [warning] [Git][getBranch] No such branch: master
2025-03-29 17:16:48.786 [info] > git status -z -uall [60ms]
2025-03-29 17:16:48.786 [info] > git for-each-ref --sort -committerdate --format %(refname) %(objectname) %(*objectname) [59ms]
2025-03-29 17:16:49.222 [info] > git check-ignore -v -z --stdin [8ms]
2025-03-29 17:16:49.223 [info] > git check-ignore -v -z --stdin [7ms]
2025-03-29 17:16:49.223 [info] > git check-ignore -v -z --stdin [5ms]
2025-03-29 17:16:49.223 [info] > git check-ignore -v -z --stdin [4ms]
2025-03-29 17:16:49.223 [info] > git check-ignore -v -z --stdin [2ms]
2025-03-29 17:16:49.405 [info] > git config --get commit.template [4ms]
2025-03-29 17:16:49.407 [info] > git for-each-ref --format %(refname) %(objectname) %(*objectname) refs/tags [1ms]
2025-03-29 17:16:49.413 [info] > git for-each-ref --sort -committerdate --format %(refname) %(objectname) %(*objectname) [1ms]
2025-03-29 17:16:49.496 [info] > git status -z -uall [87ms]
2025-03-29 17:16:49.665 [info] > git config --get commit.template [4ms]
2025-03-29 17:16:49.666 [info] > git for-each-ref --format=%(refname)%00%(upstream:short)%00%(objectname)%00%(upstream:track)%00%(upstream:remotename)%00%(upstream:remoteref) refs/heads/main refs/remotes/main [1ms]
2025-03-29 17:16:49.672 [info] > git for-each-ref --sort -committerdate --format %(refname) %(objectname) %(*objectname) [1ms]
2025-03-29 17:16:49.761 [info] > git status -z -uall [92ms]
2025-03-29 17:16:50.299 [warning] [Model][getRepositoryExact] Failed to get repository realpath for: "/home/hack/environment/ros2/windows/src/spot_ros2". Error:Error: ENOENT: no such file or directory, realpath '/home/hack/environment/ros2/windows/src/spot_ros2'
2025-03-29 17:16:50.500 [info] > git for-each-ref --format %(refname) %(objectname) %(*objectname) refs/tags [4ms]
2025-03-29 17:16:50.500 [info] > git config --get commit.template [7ms]
2025-03-29 17:16:50.505 [info] > git config --get commit.template [6ms]
2025-03-29 17:16:50.508 [info] > git status -z -uall [6ms]
2025-03-29 17:16:50.509 [info] > git for-each-ref --sort -committerdate --format %(refname) %(objectname) %(*objectname) [5ms]
2025-03-29 17:16:50.511 [info] > git for-each-ref --format %(refname) %(objectname) %(*objectname) refs/tags [4ms]
2025-03-29 17:16:50.518 [info] > git status -z -uall [4ms]
2025-03-29 17:16:50.519 [info] > git for-each-ref --sort -committerdate --format %(refname) %(objectname) %(*objectname) [2ms]
2025-03-29 17:16:53.209 [info] > git config --get commit.template [5ms]
2025-03-29 17:16:53.210 [info] > git for-each-ref --format=%(refname)%00%(upstream:short)%00%(objectname)%00%(upstream:track)%00%(upstream:remotename)%00%(upstream:remoteref) refs/heads/main refs/remotes/main [2ms]
2025-03-29 17:16:53.213 [warning] [Git][revParse] Unable to read file: ENOENT: no such file or directory, open '/home/hack/.git/modules/src/spot_ros2/refs/remotes/origin/main'
2025-03-29 17:16:53.214 [info] > git rev-parse refs/remotes/origin/main [1ms]
2025-03-29 17:16:53.219 [info] > git for-each-ref --sort -committerdate --format %(refname) %(objectname) %(*objectname) [2ms]
2025-03-29 17:16:53.303 [info] > git status -z -uall [88ms]
2025-03-29 17:16:54.780 [info] > git config --get commit.template [3ms]
2025-03-29 17:16:54.780 [info] > git for-each-ref --format=%(refname)%00%(upstream:short)%00%(objectname)%00%(upstream:track)%00%(upstream:remotename)%00%(upstream:remoteref) refs/heads/main refs/remotes/main [1ms]
2025-03-29 17:16:54.785 [info] > git for-each-ref --sort -committerdate --format %(refname) %(objectname) %(*objectname) [1ms]
2025-03-29 17:16:54.871 [info] > git status -z -uall [89ms]
2025-03-29 17:16:55.373 [warning] [Model][getRepositoryExact] Failed to get repository realpath for: "/home/hack/environment/ros2/windows/src/spot_ros2". Error:Error: ENOENT: no such file or directory, realpath '/home/hack/environment/ros2/windows/src/spot_ros2'
2025-03-29 17:17:52.933 [info] > git config --get commit.template [5ms]
2025-03-29 17:17:52.933 [info] > git for-each-ref --format=%(refname)%00%(upstream:short)%00%(objectname)%00%(upstream:track)%00%(upstream:remotename)%00%(upstream:remoteref) refs/heads/main refs/remotes/main [2ms]
2025-03-29 17:17:52.940 [info] > git for-each-ref --sort -committerdate --format %(refname) %(objectname) %(*objectname) [1ms]
2025-03-29 17:17:53.033 [info] > git status -z -uall [97ms]
2025-03-29 17:17:53.539 [warning] [Model][getRepositoryExact] Failed to get repository realpath for: "/home/hack/environment/ros2/windows/src/spot_ros2". Error:Error: ENOENT: no such file or directory, realpath '/home/hack/environment/ros2/windows/src/spot_ros2'
2025-03-29 17:17:58.058 [info] > git config --get commit.template [1ms]
2025-03-29 17:17:58.061 [info] > git for-each-ref --format=%(refname)%00%(upstream:short)%00%(objectname)%00%(upstream:track)%00%(upstream:remotename)%00%(upstream:remoteref) refs/heads/main refs/remotes/main [1ms]
2025-03-29 17:17:58.066 [info] > git for-each-ref --sort -committerdate --format %(refname) %(objectname) %(*objectname) [1ms]
2025-03-29 17:17:58.155 [info] > git status -z -uall [91ms]
2025-03-29 17:17:58.658 [warning] [Model][getRepositoryExact] Failed to get repository realpath for: "/home/hack/environment/ros2/windows/src/spot_ros2". Error:Error: ENOENT: no such file or directory, realpath '/home/hack/environment/ros2/windows/src/spot_ros2'
2025-03-29 17:17:59.162 [info] > git check-ignore -v -z --stdin [1ms]
2025-03-29 17:18:03.174 [info] > git config --get commit.template [3ms]
2025-03-29 17:18:03.175 [info] > git for-each-ref --format=%(refname)%00%(upstream:short)%00%(objectname)%00%(upstream:track)%00%(upstream:remotename)%00%(upstream:remoteref) refs/heads/main refs/remotes/main [0ms]
2025-03-29 17:18:03.182 [info] > git for-each-ref --sort -committerdate --format %(refname) %(objectname) %(*objectname) [1ms]
2025-03-29 17:18:03.278 [info] > git status -z -uall [99ms]
2025-03-29 17:18:03.782 [warning] [Model][getRepositoryExact] Failed to get repository realpath for: "/home/hack/environment/ros2/windows/src/spot_ros2". Error:Error: ENOENT: no such file or directory, realpath '/home/hack/environment/ros2/windows/src/spot_ros2'
2025-03-29 17:18:08.301 [info] > git config --get commit.template [4ms]
2025-03-29 17:18:08.302 [info] > git for-each-ref --format=%(refname)%00%(upstream:short)%00%(objectname)%00%(upstream:track)%00%(upstream:remotename)%00%(upstream:remoteref) refs/heads/main refs/remotes/main [2ms]
2025-03-29 17:18:08.311 [info] > git for-each-ref --sort -committerdate --format %(refname) %(objectname) %(*objectname) [2ms]
2025-03-29 17:18:08.450 [info] > git status -z -uall [143ms]
2025-03-29 17:18:08.957 [warning] [Model][getRepositoryExact] Failed to get repository realpath for: "/home/hack/environment/ros2/windows/src/spot_ros2". Error:Error: ENOENT: no such file or directory, realpath '/home/hack/environment/ros2/windows/src/spot_ros2'
2025-03-29 17:18:13.482 [info] > git config --get commit.template [5ms]
2025-03-29 17:18:13.483 [info] > git for-each-ref --format=%(refname)%00%(upstream:short)%00%(objectname)%00%(upstream:track)%00%(upstream:remotename)%00%(upstream:remoteref) refs/heads/main refs/remotes/main [2ms]
2025-03-29 17:18:13.490 [info] > git for-each-ref --sort -committerdate --format %(refname) %(objectname) %(*objectname) [1ms]
2025-03-29 17:18:13.589 [info] > git status -z -uall [103ms]
2025-03-29 17:18:14.092 [warning] [Model][getRepositoryExact] Failed to get repository realpath for: "/home/hack/environment/ros2/windows/src/spot_ros2". Error:Error: ENOENT: no such file or directory, realpath '/home/hack/environment/ros2/windows/src/spot_ros2'
2025-03-29 17:18:14.583 [info] > git check-ignore -v -z --stdin [1ms]
2025-03-29 17:18:18.607 [info] > git config --get commit.template [3ms]
2025-03-29 17:18:18.607 [info] > git for-each-ref --format=%(refname)%00%(upstream:short)%00%(objectname)%00%(upstream:track)%00%(upstream:remotename)%00%(upstream:remoteref) refs/heads/main refs/remotes/main [1ms]
2025-03-29 17:18:18.616 [info] > git for-each-ref --sort -committerdate --format %(refname) %(objectname) %(*objectname) [1ms]
2025-03-29 17:18:18.737 [info] > git status -z -uall [126ms]
2025-03-29 17:18:19.241 [warning] [Model][getRepositoryExact] Failed to get repository realpath for: "/home/hack/environment/ros2/windows/src/spot_ros2". Error:Error: ENOENT: no such file or directory, realpath '/home/hack/environment/ros2/windows/src/spot_ros2'
2025-03-29 17:18:23.757 [info] > git config --get commit.template [2ms]
2025-03-29 17:18:23.757 [info] > git for-each-ref --format=%(refname)%00%(upstream:short)%00%(objectname)%00%(upstream:track)%00%(upstream:remotename)%00%(upstream:remoteref) refs/heads/main refs/remotes/main [1ms]
2025-03-29 17:18:23.765 [info] > git for-each-ref --sort -committerdate --format %(refname) %(objectname) %(*objectname) [2ms]
2025-03-29 17:18:23.865 [info] > git status -z -uall [104ms]
2025-03-29 17:18:24.369 [warning] [Model][getRepositoryExact] Failed to get repository realpath for: "/home/hack/environment/ros2/windows/src/spot_ros2". Error:Error: ENOENT: no such file or directory, realpath '/home/hack/environment/ros2/windows/src/spot_ros2'
2025-03-29 17:18:28.875 [info] > git config --get commit.template [3ms]
2025-03-29 17:18:28.875 [info] > git for-each-ref --format=%(refname)%00%(upstream:short)%00%(objectname)%00%(upstream:track)%00%(upstream:remotename)%00%(upstream:remoteref) refs/heads/main refs/remotes/main [1ms]
2025-03-29 17:18:28.881 [info] > git for-each-ref --sort -committerdate --format %(refname) %(objectname) %(*objectname) [1ms]
2025-03-29 17:18:28.981 [info] > git status -z -uall [103ms]
2025-03-29 17:18:29.485 [warning] [Model][getRepositoryExact] Failed to get repository realpath for: "/home/hack/environment/ros2/windows/src/spot_ros2". Error:Error: ENOENT: no such file or directory, realpath '/home/hack/environment/ros2/windows/src/spot_ros2'
2025-03-29 17:18:34.002 [info] > git config --get commit.template [4ms]
2025-03-29 17:18:34.003 [info] > git for-each-ref --format=%(refname)%00%(upstream:short)%00%(objectname)%00%(upstream:track)%00%(upstream:remotename)%00%(upstream:remoteref) refs/heads/main refs/remotes/main [1ms]
2025-03-29 17:18:34.008 [info] > git for-each-ref --sort -committerdate --format %(refname) %(objectname) %(*objectname) [1ms]
2025-03-29 17:18:34.101 [info] > git status -z -uall [96ms]
2025-03-29 17:18:34.605 [warning] [Model][getRepositoryExact] Failed to get repository realpath for: "/home/hack/environment/ros2/windows/src/spot_ros2". Error:Error: ENOENT: no such file or directory, realpath '/home/hack/environment/ros2/windows/src/spot_ros2'
2025-03-29 17:18:39.121 [info] > git config --get commit.template [3ms]
2025-03-29 17:18:39.122 [info] > git for-each-ref --format=%(refname)%00%(upstream:short)%00%(objectname)%00%(upstream:track)%00%(upstream:remotename)%00%(upstream:remoteref) refs/heads/main refs/remotes/main [2ms]
2025-03-29 17:18:39.128 [info] > git for-each-ref --sort -committerdate --format %(refname) %(objectname) %(*objectname) [1ms]
2025-03-29 17:18:39.216 [info] > git status -z -uall [91ms]
2025-03-29 17:18:39.722 [warning] [Model][getRepositoryExact] Failed to get repository realpath for: "/home/hack/environment/ros2/windows/src/spot_ros2". Error:Error: ENOENT: no such file or directory, realpath '/home/hack/environment/ros2/windows/src/spot_ros2'
2025-03-29 17:18:44.244 [info] > git config --get commit.template [3ms]
2025-03-29 17:18:44.244 [info] > git for-each-ref --format=%(refname)%00%(upstream:short)%00%(objectname)%00%(upstream:track)%00%(upstream:remotename)%00%(upstream:remoteref) refs/heads/main refs/remotes/main [1ms]
2025-03-29 17:18:44.251 [info] > git for-each-ref --sort -committerdate --format %(refname) %(objectname) %(*objectname) [1ms]
2025-03-29 17:18:44.343 [info] > git status -z -uall [96ms]
2025-03-29 17:18:44.853 [warning] [Model][getRepositoryExact] Failed to get repository realpath for: "/home/hack/environment/ros2/windows/src/spot_ros2". Error:Error: ENOENT: no such file or directory, realpath '/home/hack/environment/ros2/windows/src/spot_ros2'
2025-03-29 17:18:49.672 [info] > git config --get commit.template [1ms]
2025-03-29 17:18:49.676 [info] > git for-each-ref --format=%(refname)%00%(upstream:short)%00%(objectname)%00%(upstream:track)%00%(upstream:remotename)%00%(upstream:remoteref) refs/heads/main refs/remotes/main [2ms]
2025-03-29 17:18:49.682 [info] > git for-each-ref --sort -committerdate --format %(refname) %(objectname) %(*objectname) [1ms]
2025-03-29 17:18:49.774 [info] > git status -z -uall [95ms]
2025-03-29 17:18:50.277 [warning] [Model][getRepositoryExact] Failed to get repository realpath for: "/home/hack/environment/ros2/windows/src/spot_ros2". Error:Error: ENOENT: no such file or directory, realpath '/home/hack/environment/ros2/windows/src/spot_ros2'
2025-03-29 17:18:54.793 [info] > git config --get commit.template [3ms]
2025-03-29 17:18:54.793 [info] > git for-each-ref --format=%(refname)%00%(upstream:short)%00%(objectname)%00%(upstream:track)%00%(upstream:remotename)%00%(upstream:remoteref) refs/heads/main refs/remotes/main [1ms]
2025-03-29 17:18:54.799 [info] > git for-each-ref --sort -committerdate --format %(refname) %(objectname) %(*objectname) [1ms]
2025-03-29 17:18:54.896 [info] > git status -z -uall [100ms]
2025-03-29 17:18:55.398 [warning] [Model][getRepositoryExact] Failed to get repository realpath for: "/home/hack/environment/ros2/windows/src/spot_ros2". Error:Error: ENOENT: no such file or directory, realpath '/home/hack/environment/ros2/windows/src/spot_ros2'
2025-03-29 17:18:59.916 [info] > git config --get commit.template [3ms]
2025-03-29 17:18:59.917 [info] > git for-each-ref --format=%(refname)%00%(upstream:short)%00%(objectname)%00%(upstream:track)%00%(upstream:remotename)%00%(upstream:remoteref) refs/heads/main refs/remotes/main [1ms]
2025-03-29 17:18:59.922 [info] > git for-each-ref --sort -committerdate --format %(refname) %(objectname) %(*objectname) [1ms]
2025-03-29 17:19:00.017 [info] > git status -z -uall [98ms]
2025-03-29 17:19:00.528 [warning] [Model][getRepositoryExact] Failed to get repository realpath for: "/home/hack/environment/ros2/windows/src/spot_ros2". Error:Error: ENOENT: no such file or directory, realpath '/home/hack/environment/ros2/windows/src/spot_ros2'
2025-03-29 17:19:05.050 [info] > git config --get commit.template [3ms]
2025-03-29 17:19:05.050 [info] > git for-each-ref --format=%(refname)%00%(upstream:short)%00%(objectname)%00%(upstream:track)%00%(upstream:remotename)%00%(upstream:remoteref) refs/heads/main refs/remotes/main [1ms]
2025-03-29 17:19:05.056 [info] > git for-each-ref --sort -committerdate --format %(refname) %(objectname) %(*objectname) [1ms]
2025-03-29 17:19:05.142 [info] > git status -z -uall [89ms]
2025-03-29 17:19:05.646 [warning] [Model][getRepositoryExact] Failed to get repository realpath for: "/home/hack/environment/ros2/windows/src/spot_ros2". Error:Error: ENOENT: no such file or directory, realpath '/home/hack/environment/ros2/windows/src/spot_ros2'
2025-03-29 17:19:10.158 [info] > git config --get commit.template [3ms]
2025-03-29 17:19:10.158 [info] > git for-each-ref --format=%(refname)%00%(upstream:short)%00%(objectname)%00%(upstream:track)%00%(upstream:remotename)%00%(upstream:remoteref) refs/heads/main refs/remotes/main [1ms]
2025-03-29 17:19:10.164 [info] > git for-each-ref --sort -committerdate --format %(refname) %(objectname) %(*objectname) [1ms]
2025-03-29 17:19:10.255 [info] > git status -z -uall [93ms]
2025-03-29 17:19:10.758 [warning] [Model][getRepositoryExact] Failed to get repository realpath for: "/home/hack/environment/ros2/windows/src/spot_ros2". Error:Error: ENOENT: no such file or directory, realpath '/home/hack/environment/ros2/windows/src/spot_ros2'
2025-03-29 17:19:15.273 [info] > git config --get commit.template [3ms]
2025-03-29 17:19:15.274 [info] > git for-each-ref --format=%(refname)%00%(upstream:short)%00%(objectname)%00%(upstream:track)%00%(upstream:remotename)%00%(upstream:remoteref) refs/heads/main refs/remotes/main [2ms]
2025-03-29 17:19:15.280 [info] > git for-each-ref --sort -committerdate --format %(refname) %(objectname) %(*objectname) [1ms]
2025-03-29 17:19:15.380 [info] > git status -z -uall [103ms]
2025-03-29 17:19:15.883 [warning] [Model][getRepositoryExact] Failed to get repository realpath for: "/home/hack/environment/ros2/windows/src/spot_ros2". Error:Error: ENOENT: no such file or directory, realpath '/home/hack/environment/ros2/windows/src/spot_ros2'
2025-03-29 17:19:20.397 [info] > git config --get commit.template [1ms]
2025-03-29 17:19:20.400 [info] > git for-each-ref --format=%(refname)%00%(upstream:short)%00%(objectname)%00%(upstream:track)%00%(upstream:remotename)%00%(upstream:remoteref) refs/heads/main refs/remotes/main [1ms]
2025-03-29 17:19:20.406 [info] > git for-each-ref --sort -committerdate --format %(refname) %(objectname) %(*objectname) [1ms]
2025-03-29 17:19:20.494 [info] > git status -z -uall [91ms]
2025-03-29 17:19:20.998 [warning] [Model][getRepositoryExact] Failed to get repository realpath for: "/home/hack/environment/ros2/windows/src/spot_ros2". Error:Error: ENOENT: no such file or directory, realpath '/home/hack/environment/ros2/windows/src/spot_ros2'
2025-03-29 17:19:25.515 [info] > git config --get commit.template [4ms]
2025-03-29 17:19:25.516 [info] > git for-each-ref --format=%(refname)%00%(upstream:short)%00%(objectname)%00%(upstream:track)%00%(upstream:remotename)%00%(upstream:remoteref) refs/heads/main refs/remotes/main [2ms]
2025-03-29 17:19:25.522 [info] > git for-each-ref --sort -committerdate --format %(refname) %(objectname) %(*objectname) [1ms]
2025-03-29 17:19:25.614 [info] > git status -z -uall [94ms]
2025-03-29 17:19:26.117 [warning] [Model][getRepositoryExact] Failed to get repository realpath for: "/home/hack/environment/ros2/windows/src/spot_ros2". Error:Error: ENOENT: no such file or directory, realpath '/home/hack/environment/ros2/windows/src/spot_ros2'
2025-03-29 17:19:30.632 [info] > git config --get commit.template [3ms]
2025-03-29 17:19:30.633 [info] > git for-each-ref --format=%(refname)%00%(upstream:short)%00%(objectname)%00%(upstream:track)%00%(upstream:remotename)%00%(upstream:remoteref) refs/heads/main refs/remotes/main [1ms]
2025-03-29 17:19:30.637 [info] > git for-each-ref --sort -committerdate --format %(refname) %(objectname) %(*objectname) [1ms]
2025-03-29 17:19:30.724 [info] > git status -z -uall [89ms]
2025-03-29 17:19:31.228 [warning] [Model][getRepositoryExact] Failed to get repository realpath for: "/home/hack/environment/ros2/windows/src/spot_ros2". Error:Error: ENOENT: no such file or directory, realpath '/home/hack/environment/ros2/windows/src/spot_ros2'
2025-03-29 17:19:35.743 [info] > git config --get commit.template [3ms]
2025-03-29 17:19:35.744 [info] > git for-each-ref --format=%(refname)%00%(upstream:short)%00%(objectname)%00%(upstream:track)%00%(upstream:remotename)%00%(upstream:remoteref) refs/heads/main refs/remotes/main [1ms]
2025-03-29 17:19:35.750 [info] > git for-each-ref --sort -committerdate --format %(refname) %(objectname) %(*objectname) [1ms]
2025-03-29 17:19:35.850 [info] > git status -z -uall [103ms]
2025-03-29 17:19:36.353 [warning] [Model][getRepositoryExact] Failed to get repository realpath for: "/home/hack/environment/ros2/windows/src/spot_ros2". Error:Error: ENOENT: no such file or directory, realpath '/home/hack/environment/ros2/windows/src/spot_ros2'
2025-03-29 17:19:40.871 [info] > git config --get commit.template [3ms]
2025-03-29 17:19:40.871 [info] > git for-each-ref --format=%(refname)%00%(upstream:short)%00%(objectname)%00%(upstream:track)%00%(upstream:remotename)%00%(upstream:remoteref) refs/heads/main refs/remotes/main [1ms]
2025-03-29 17:19:40.877 [info] > git for-each-ref --sort -committerdate --format %(refname) %(objectname) %(*objectname) [1ms]
2025-03-29 17:19:40.977 [info] > git status -z -uall [103ms]
2025-03-29 17:19:41.479 [warning] [Model][getRepositoryExact] Failed to get repository realpath for: "/home/hack/environment/ros2/windows/src/spot_ros2". Error:Error: ENOENT: no such file or directory, realpath '/home/hack/environment/ros2/windows/src/spot_ros2'
2025-03-29 17:19:42.552 [info] > git config --get commit.template [4ms]
2025-03-29 17:19:42.553 [info] > git for-each-ref --format %(refname) %(objectname) %(*objectname) refs/tags [2ms]
2025-03-29 17:19:42.559 [info] > git status -z -uall [3ms]
2025-03-29 17:19:42.560 [info] > git for-each-ref --sort -committerdate --format %(refname) %(objectname) %(*objectname) [2ms]
2025-03-29 17:19:42.648 [info] > git config --get commit.template [6ms]
2025-03-29 17:19:42.649 [info] > git config --get commit.template [5ms]
2025-03-29 17:19:42.657 [info] > git config --get commit.template [9ms]
2025-03-29 17:19:42.657 [info] > git for-each-ref --format %(refname) %(objectname) %(*objectname) refs/tags [4ms]
2025-03-29 17:19:42.662 [info] > git for-each-ref --format=%(refname)%00%(upstream:short)%00%(objectname)%00%(upstream:track)%00%(upstream:remotename)%00%(upstream:remoteref) refs/heads/main refs/remotes/main [11ms]
2025-03-29 17:19:42.664 [warning] [Git][revParse] Unable to read file: ENOENT: no such file or directory, open '/home/hack/.git/modules/src/spot_ros2/refs/remotes/origin/main'
2025-03-29 17:19:42.664 [info] > git status -z -uall [5ms]
2025-03-29 17:19:42.665 [info] > git for-each-ref --format %(refname) %(objectname) %(*objectname) refs/tags [8ms]
2025-03-29 17:19:42.669 [info] > git status -z -uall [3ms]
2025-03-29 17:19:42.669 [info] > git rev-parse refs/remotes/origin/main [5ms]
2025-03-29 17:19:42.673 [info] > git for-each-ref --sort -committerdate --format %(refname) %(objectname) %(*objectname) [11ms]
2025-03-29 17:19:42.676 [info] > git for-each-ref --sort -committerdate --format %(refname) %(objectname) %(*objectname) [2ms]
2025-03-29 17:19:42.677 [info] > git for-each-ref --sort -committerdate --format %(refname) %(objectname) %(*objectname) [8ms]
2025-03-29 17:19:42.680 [info] > git status -z -uall [9ms]
2025-03-29 17:19:45.998 [info] > git config --get commit.template [2ms]
2025-03-29 17:19:45.998 [info] > git for-each-ref --format=%(refname)%00%(upstream:short)%00%(objectname)%00%(upstream:track)%00%(upstream:remotename)%00%(upstream:remoteref) refs/heads/main refs/remotes/main [1ms]
2025-03-29 17:19:46.003 [info] > git for-each-ref --sort -committerdate --format %(refname) %(objectname) %(*objectname) [1ms]
2025-03-29 17:19:46.016 [info] > git status -z -uall [16ms]
2025-03-29 17:19:46.519 [warning] [Model][getRepositoryExact] Failed to get repository realpath for: "/home/hack/environment/ros2/windows/src/spot_ros2". Error:Error: ENOENT: no such file or directory, realpath '/home/hack/environment/ros2/windows/src/spot_ros2'
2025-03-29 17:19:51.038 [info] > git config --get commit.template [4ms]
2025-03-29 17:19:51.039 [info] > git for-each-ref --format=%(refname)%00%(upstream:short)%00%(objectname)%00%(upstream:track)%00%(upstream:remotename)%00%(upstream:remoteref) refs/heads/main refs/remotes/main [1ms]
2025-03-29 17:19:51.045 [info] > git for-each-ref --sort -committerdate --format %(refname) %(objectname) %(*objectname) [1ms]
2025-03-29 17:19:51.059 [info] > git status -z -uall [17ms]
2025-03-29 17:19:51.562 [warning] [Model][getRepositoryExact] Failed to get repository realpath for: "/home/hack/environment/ros2/windows/src/spot_ros2". Error:Error: ENOENT: no such file or directory, realpath '/home/hack/environment/ros2/windows/src/spot_ros2'
2025-03-29 17:19:53.139 [info] > git config --get commit.template [4ms]
2025-03-29 17:19:53.140 [info] > git for-each-ref --format=%(refname)%00%(upstream:short)%00%(objectname)%00%(upstream:track)%00%(upstream:remotename)%00%(upstream:remoteref) refs/heads/main refs/remotes/main [2ms]
2025-03-29 17:19:53.142 [warning] [Git][revParse] Unable to read file: ENOENT: no such file or directory, open '/home/hack/.git/modules/src/spot_ros2/refs/remotes/origin/main'
2025-03-29 17:19:53.143 [info] > git rev-parse refs/remotes/origin/main [1ms]
2025-03-29 17:19:53.149 [info] > git for-each-ref --sort -committerdate --format %(refname) %(objectname) %(*objectname) [2ms]
2025-03-29 17:19:53.154 [info] > git status -z -uall [9ms]
2025-03-29 17:19:56.079 [info] > git config --get commit.template [3ms]
2025-03-29 17:19:56.080 [info] > git for-each-ref --format=%(refname)%00%(upstream:short)%00%(objectname)%00%(upstream:track)%00%(upstream:remotename)%00%(upstream:remoteref) refs/heads/main refs/remotes/main [1ms]
2025-03-29 17:19:56.085 [info] > git for-each-ref --sort -committerdate --format %(refname) %(objectname) %(*objectname) [1ms]
2025-03-29 17:19:56.098 [info] > git status -z -uall [16ms]
2025-03-29 17:19:56.610 [warning] [Model][getRepositoryExact] Failed to get repository realpath for: "/home/hack/environment/ros2/windows/src/spot_ros2". Error:Error: ENOENT: no such file or directory, realpath '/home/hack/environment/ros2/windows/src/spot_ros2'
2025-03-29 17:19:57.662 [info] > git log --format=%H%n%aN%n%aE%n%at%n%ct%n%P%n%D%n%B -z --shortstat --diff-merges=first-parent -n50 --skip=0 --topo-order --decorate=full --stdin [26ms]
2025-03-29 17:19:58.189 [info] > git check-ignore -v -z --stdin [3ms]
2025-03-29 17:19:58.189 [info] > git check-ignore -v -z --stdin [1ms]
2025-03-29 17:20:01.133 [info] > git config --get commit.template [4ms]
2025-03-29 17:20:01.134 [info] > git for-each-ref --format=%(refname)%00%(upstream:short)%00%(objectname)%00%(upstream:track)%00%(upstream:remotename)%00%(upstream:remoteref) refs/heads/main refs/remotes/main [2ms]
2025-03-29 17:20:01.142 [info] > git for-each-ref --sort -committerdate --format %(refname) %(objectname) %(*objectname) [1ms]
2025-03-29 17:20:01.155 [info] > git status -z -uall [17ms]
2025-03-29 17:20:01.659 [warning] [Model][getRepositoryExact] Failed to get repository realpath for: "/home/hack/environment/ros2/windows/src/spot_ros2". Error:Error: ENOENT: no such file or directory, realpath '/home/hack/environment/ros2/windows/src/spot_ros2'
2025-03-29 17:20:05.971 [info] > git check-ignore -v -z --stdin [3ms]
2025-03-29 17:20:06.179 [info] > git config --get commit.template [4ms]
2025-03-29 17:20:06.180 [info] > git for-each-ref --format=%(refname)%00%(upstream:short)%00%(objectname)%00%(upstream:track)%00%(upstream:remotename)%00%(upstream:remoteref) refs/heads/main refs/remotes/main [2ms]
2025-03-29 17:20:06.187 [info] > git for-each-ref --sort -committerdate --format %(refname) %(objectname) %(*objectname) [2ms]
2025-03-29 17:20:06.200 [info] > git status -z -uall [17ms]
2025-03-29 17:20:06.704 [warning] [Model][getRepositoryExact] Failed to get repository realpath for: "/home/hack/environment/ros2/windows/src/spot_ros2". Error:Error: ENOENT: no such file or directory, realpath '/home/hack/environment/ros2/windows/src/spot_ros2'
2025-03-29 17:20:08.049 [info] > git check-ignore -v -z --stdin [1ms]
2025-03-29 17:20:11.223 [info] > git config --get commit.template [4ms]
2025-03-29 17:20:11.223 [info] > git for-each-ref --format=%(refname)%00%(upstream:short)%00%(objectname)%00%(upstream:track)%00%(upstream:remotename)%00%(upstream:remoteref) refs/heads/main refs/remotes/main [1ms]
2025-03-29 17:20:11.229 [info] > git for-each-ref --sort -committerdate --format %(refname) %(objectname) %(*objectname) [1ms]
2025-03-29 17:20:11.242 [info] > git status -z -uall [16ms]
2025-03-29 17:20:11.745 [warning] [Model][getRepositoryExact] Failed to get repository realpath for: "/home/hack/environment/ros2/windows/src/spot_ros2". Error:Error: ENOENT: no such file or directory, realpath '/home/hack/environment/ros2/windows/src/spot_ros2'
2025-03-29 17:20:16.264 [info] > git config --get commit.template [3ms]
2025-03-29 17:20:16.265 [info] > git for-each-ref --format=%(refname)%00%(upstream:short)%00%(objectname)%00%(upstream:track)%00%(upstream:remotename)%00%(upstream:remoteref) refs/heads/main refs/remotes/main [2ms]
2025-03-29 17:20:16.272 [info] > git for-each-ref --sort -committerdate --format %(refname) %(objectname) %(*objectname) [2ms]
2025-03-29 17:20:16.284 [info] > git status -z -uall [17ms]
2025-03-29 17:20:16.787 [warning] [Model][getRepositoryExact] Failed to get repository realpath for: "/home/hack/environment/ros2/windows/src/spot_ros2". Error:Error: ENOENT: no such file or directory, realpath '/home/hack/environment/ros2/windows/src/spot_ros2'
2025-03-29 17:20:21.301 [info] > git config --get commit.template [4ms]
2025-03-29 17:20:21.302 [info] > git for-each-ref --format=%(refname)%00%(upstream:short)%00%(objectname)%00%(upstream:track)%00%(upstream:remotename)%00%(upstream:remoteref) refs/heads/main refs/remotes/main [1ms]
2025-03-29 17:20:21.307 [info] > git for-each-ref --sort -committerdate --format %(refname) %(objectname) %(*objectname) [1ms]
2025-03-29 17:20:21.322 [info] > git status -z -uall [18ms]
2025-03-29 17:20:21.825 [warning] [Model][getRepositoryExact] Failed to get repository realpath for: "/home/hack/environment/ros2/windows/src/spot_ros2". Error:Error: ENOENT: no such file or directory, realpath '/home/hack/environment/ros2/windows/src/spot_ros2'
2025-03-29 17:20:26.340 [info] > git config --get commit.template [3ms]
2025-03-29 17:20:26.341 [info] > git for-each-ref --format=%(refname)%00%(upstream:short)%00%(objectname)%00%(upstream:track)%00%(upstream:remotename)%00%(upstream:remoteref) refs/heads/main refs/remotes/main [1ms]
2025-03-29 17:20:26.348 [info] > git for-each-ref --sort -committerdate --format %(refname) %(objectname) %(*objectname) [2ms]
2025-03-29 17:20:26.360 [info] > git status -z -uall [16ms]
2025-03-29 17:20:26.863 [warning] [Model][getRepositoryExact] Failed to get repository realpath for: "/home/hack/environment/ros2/windows/src/spot_ros2". Error:Error: ENOENT: no such file or directory, realpath '/home/hack/environment/ros2/windows/src/spot_ros2'
2025-03-29 17:20:31.380 [info] > git config --get commit.template [3ms]
2025-03-29 17:20:31.380 [info] > git for-each-ref --format=%(refname)%00%(upstream:short)%00%(objectname)%00%(upstream:track)%00%(upstream:remotename)%00%(upstream:remoteref) refs/heads/main refs/remotes/main [1ms]
2025-03-29 17:20:31.387 [info] > git for-each-ref --sort -committerdate --format %(refname) %(objectname) %(*objectname) [2ms]
2025-03-29 17:20:31.400 [info] > git status -z -uall [17ms]
2025-03-29 17:20:31.903 [warning] [Model][getRepositoryExact] Failed to get repository realpath for: "/home/hack/environment/ros2/windows/src/spot_ros2". Error:Error: ENOENT: no such file or directory, realpath '/home/hack/environment/ros2/windows/src/spot_ros2'
2025-03-29 17:20:36.424 [info] > git config --get commit.template [3ms]
2025-03-29 17:20:36.425 [info] > git for-each-ref --format=%(refname)%00%(upstream:short)%00%(objectname)%00%(upstream:track)%00%(upstream:remotename)%00%(upstream:remoteref) refs/heads/main refs/remotes/main [2ms]
2025-03-29 17:20:36.432 [info] > git for-each-ref --sort -committerdate --format %(refname) %(objectname) %(*objectname) [1ms]
2025-03-29 17:20:36.447 [info] > git status -z -uall [19ms]
2025-03-29 17:20:36.954 [warning] [Model][getRepositoryExact] Failed to get repository realpath for: "/home/hack/environment/ros2/windows/src/spot_ros2". Error:Error: ENOENT: no such file or directory, realpath '/home/hack/environment/ros2/windows/src/spot_ros2'
2025-03-29 17:20:41.472 [info] > git config --get commit.template [3ms]
2025-03-29 17:20:41.473 [info] > git for-each-ref --format=%(refname)%00%(upstream:short)%00%(objectname)%00%(upstream:track)%00%(upstream:remotename)%00%(upstream:remoteref) refs/heads/main refs/remotes/main [1ms]
2025-03-29 17:20:41.480 [info] > git for-each-ref --sort -committerdate --format %(refname) %(objectname) %(*objectname) [1ms]
2025-03-29 17:20:41.494 [info] > git status -z -uall [18ms]
